<?xml version="1.0" encoding="UTF-8"?>
<!-- Generated by org.testng.reporters.JUnitXMLReporter -->
<testsuite hostname="LAPTOP-G3SL86T0" ignored="0" name="Default test" tests="3" failures="0" timestamp="2020-08-29T08:10:23 PDT" time="0.065" errors="0">
  <testcase name="testOne" time="0.011" classname="com.syntax.class01.TestNGIntro"/>
  <testcase name="testThree" time="0.001" classname="com.syntax.class01.TestNGIntro"/>
  <testcase name="testTwo" time="0.001" classname="com.syntax.class01.TestNGIntro"/>
</testsuite> <!-- Default test -->
