<?xml version="1.0" encoding="UTF-8"?>
<!-- Generated by org.testng.reporters.JUnitXMLReporter -->
<testsuite hostname="LAPTOP-G3SL86T0" ignored="3" name="Smoke Test" tests="1" failures="0" timestamp="2020-09-05T08:50:44 PDT" time="10.068" errors="0">
  <testcase name="validLogin" time="2.472" classname="com.syntax.class03.GroupsExample"/>
  <testcase name="multipleLogin" time="0.0" classname="com.syntax.class03.LoginPageTest">
    <ignored/>
  </testcase> <!-- multipleLogin -->
  <testcase name="invalidLogin" time="0.0" classname="com.syntax.class03.GroupsExample">
    <ignored/>
  </testcase> <!-- invalidLogin -->
  <testcase name="addEmployee" time="0.0" classname="com.syntax.class03.HW">
    <ignored/>
  </testcase> <!-- addEmployee -->
</testsuite> <!-- Smoke Test -->
